2024-04-27 08:09:35 - INFO - AIDJ  starting 
2024-04-27 08:09:39 - DEBUG - AIDJ Main playing: Mr. Don - Bypass.mp3
2024-04-27 08:12:45 - INFO - AIDJ  starting 
2024-04-27 08:12:46 - DEBUG - AIDJ Main playing: Mr. Don - Bypass.mp3
2024-04-27 08:13:21 - INFO - AIDJ  starting 
2024-04-27 08:13:22 - DEBUG - AIDJ Main playing: Ponte Pa Mi (Bachata Version).mp3
2024-04-27 08:16:33 - DEBUG - AIDJ Main playing: Sobrio (Bachata Version).mp3
2024-04-27 08:20:29 - DEBUG - AIDJ Main playing: Dj Khalid - Lips on You (Version Bachata).mp3
2024-04-27 08:24:08 - DEBUG - AIDJ Main playing: DJ Clau - Cobardes Al Amar.mp3
2024-04-27 08:28:02 - DEBUG - AIDJ Main playing: Contra la Pared.mp3
2024-04-27 08:31:47 - DEBUG - AIDJ Main playing: Chayanne_Bailando Bachata.mp3
2024-04-27 08:34:36 - DEBUG - AIDJ Main playing: Channel_Clavaíto.mp3
2024-04-27 08:37:18 - DEBUG - AIDJ Main playing: DJ John Moon - Manos De Tijera (Bachata Remix).mp3
2024-04-27 08:40:24 - INFO - AIDJ  starting 
2024-04-27 08:40:25 - DEBUG - AIDJ Main playing: Gian Marco - Tu No Te Imaginas (Versiขn Bachata).mp3
2024-04-27 08:41:10 - INFO - AIDJ  starting 
2024-04-27 08:41:11 - DEBUG - AIDJ Main playing: Vinny Rivera - Tsunami (Versión Bachata).mp3
2024-04-27 08:44:58 - DEBUG - AIDJ Main playing: 03 Asalto.mp3
2024-04-27 08:47:36 - INFO - AIDJ  starting 
2024-04-27 08:47:52 - INFO - AIDJ  starting 
2024-04-27 08:47:52 - DEBUG - AIDJ leftDeckSongDuration 197.02 leftCrossfade 3.3859999999999997 leftDelay 193.63400000000001 
2024-04-27 08:47:52 - DEBUG - AIDJ Main playing: 01 La Curiosidad (Bachata Version).mp3
2024-04-27 08:51:07 - DEBUG - AIDJ Main playing: Ledes Díaz - SIRI.mp3
2024-04-27 08:53:41 - DEBUG - AIDJ leftDeckSongDuration 186.894 leftCrossfade 4.798000000000015 leftDelay 182.096 
2024-04-27 08:53:41 - DEBUG - AIDJ Main playing: Pablo Dazán - No hay nadie mas (DJ Alejandro Bachata Remix).mp3
2024-04-27 08:56:41 - DEBUG - AIDJ Main playing: DJ Clau - Cobardes Al Amar.mp3
2024-04-27 09:00:43 - DEBUG - AIDJ leftDeckSongDuration 172.918 leftCrossfade 4.443999999999996 leftDelay 168.47400000000002 
2024-04-27 09:00:43 - DEBUG - AIDJ Main playing: Nada Es Igual.mp3
2024-04-27 09:03:31 - DEBUG - AIDJ Main playing: 10 BEBÉ.mp3
2024-04-27 09:06:50 - DEBUG - AIDJ leftDeckSongDuration 208.144 leftCrossfade 5.1430000000000025 leftDelay 203.001 
2024-04-27 09:06:50 - DEBUG - AIDJ Main playing: Halsey - Without Me (DJ Tronky Bachata Remix).mp3
2024-04-27 09:10:11 - DEBUG - AIDJ Main playing: Becky G - AMANTES.mp3
2024-04-27 09:12:30 - INFO - AIDJ  starting 
2024-04-27 09:12:30 - DEBUG - AIDJ Main playing: 01 Tu Me Delatas (Cover).mp3
2024-04-27 09:12:31 - DEBUG - AIDJ leftDeckSongDuration 186.594 leftCrossfade 2.519999999999978 leftDelay 184.074 
2024-04-27 09:15:35 - DEBUG - AIDJ Main playing: Mr. Don - Mañana.mp3
2024-04-27 09:15:36 - DEBUG - AIDJ leftDeckSongDuration 172.848 leftCrossfade 2.1380000000000186 leftDelay 170.71 
2024-04-27 09:18:15 - INFO - AIDJ  starting 
2024-04-27 09:18:15 - DEBUG - AIDJ Main playing: 01 Sigue (Bachata Version).mp3
2024-04-27 09:18:16 - DEBUG - AIDJ currentSongDuration 196.161 seconds. Crossfade 4.693999999999997 seconds. Delay 191.467 seconds
2024-04-27 09:21:27 - DEBUG - AIDJ Main playing: 01 Rumba (Versión Bachata).mp3
2024-04-27 09:21:28 - DEBUG - AIDJ currentSongDuration 182.763 seconds. Crossfade 2.5600000000000156 seconds. Delay 180.203 seconds
2024-04-27 09:24:33 - DEBUG - AIDJ Main playing: Pinto Picasso - Fronteo (feat. sP Polanco).mp3
2024-04-27 09:24:34 - DEBUG - AIDJ currentSongDuration 152.75 seconds. Crossfade 5.487999999999983 seconds. Delay 147.26200000000003 seconds
2024-04-27 09:27:01 - DEBUG - AIDJ Main playing: 01 Tusa (Versión Bachata).mp3
2024-04-27 09:27:02 - DEBUG - AIDJ currentSongDuration 189.915 seconds. Crossfade 2.511999999999986 seconds. Delay 187.40300000000002 seconds
2024-04-27 09:27:43 - INFO - AIDJ  starting 
2024-04-27 09:27:43 - DEBUG - AIDJ Main playing: 01 Tu Me Delatas (Cover).mp3
2024-04-27 09:27:43 - DEBUG - AIDJ currentSongDuration 186.594 seconds. Crossfade 3.4969999999999777 seconds. Delay 183.097 seconds
2024-04-27 09:27:53 - INFO - AIDJ  starting 
2024-04-27 09:27:53 - DEBUG - AIDJ Main playing: Mienteme (feat. Magali Fernandez) [Bachata Version].mp3
2024-04-27 09:30:59 - DEBUG - AIDJ Main playing: Quien Eres Tu.mp3
2024-04-27 09:35:15 - DEBUG - AIDJ Main playing: Dj Khalid - Lips on You (Version Bachata).mp3
2024-04-27 09:38:55 - DEBUG - AIDJ Main playing: Mayinbito_Cerremos Ese Capítulo.mp3
2024-04-27 09:43:11 - DEBUG - AIDJ This is a debug message.
2024-04-27 09:43:11 - ERROR - AIDJ This is an error message.
2024-04-27 09:43:11 - INFO - AIDJ This is an info message.
2024-04-27 09:43:11 - INFO - AIDJ  starting 
2024-04-27 09:44:20 - DEBUG - AIDJ This is a debug message.
2024-04-27 09:44:20 - ERROR - AIDJ This is an error message.
2024-04-27 09:44:20 - INFO - AIDJ This is an info message.
2024-04-27 09:44:20 - INFO - AIDJ  starting 
2024-04-27 09:44:20 - DEBUG - AIDJ Main playing: 01 Sigue (Bachata Version).mp3
2024-04-27 09:47:31 - DEBUG - AIDJ Main playing: Algodon de Azucar (Bachata Version).mp3
2024-04-27 09:48:56 - INFO - AIDJ  starting 
2024-04-27 09:48:56 - DEBUG - AIDJ Main playing: Vinny Rivera - Tsunami (Versión Bachata).mp3
2024-04-27 09:48:57 - DEBUG - AIDJ currentSongDuration 230.04500000000002 seconds. Crossfade 3.7239999999999984 seconds. Delay 226.32100000000003 seconds
2024-04-27 09:49:41 - INFO - AIDJ  starting 
2024-04-27 09:49:41 - INFO - AIDJ Main playing: 01 La Curiosidad (Bachata Version).mp3
2024-04-27 09:51:07 - INFO - AIDJ  starting 
2024-04-27 09:51:07 - INFO - AIDJ Main playing: Vinny Rivera - Si Me Dices Que Si (Bachata Version).mp3
2024-04-27 10:10:19 - INFO - AIDJ  starting 
2024-04-27 10:10:19 - INFO - AIDJ Main playing: Mienteme (feat. Magali Fernandez) [Bachata Version].mp3
2024-04-27 10:13:26 - INFO - AIDJ Main playing: Ledes Díaz - SIRI.mp3
2024-04-27 10:16:01 - INFO - AIDJ Main playing: Ozuna X Doja Cat X Sia - Del Mar (Dimen5ions & DJ Alejandro Bachata Remix).mp3
2024-04-27 10:19:56 - INFO - AIDJ Main playing: 07 Aventura - Tu Jueguito.mp3
2024-04-27 10:23:42 - INFO - AIDJ Main playing: India Martinez - 5 SENTÍOS.mp3
2024-04-27 10:27:15 - INFO - AIDJ Main playing: La Vecina.mp3
2024-04-27 10:30:29 - INFO - AIDJ Main playing: Halsey - Without Me (DJ Tronky Bachata Remix).mp3
2024-04-27 10:33:53 - INFO - AIDJ Main playing: Diablita Remix (feat. Chus Santana).mp3
2024-04-27 10:37:20 - INFO - AIDJ Main playing: Becky G - AMANTES.mp3
2024-04-27 10:40:18 - INFO - AIDJ Main playing: Jhonny_Call On Me.mp3
2024-04-27 10:43:04 - INFO - AIDJ Main playing: 10 BEBÉ.mp3
2024-04-27 10:46:21 - INFO - AIDJ Main playing: Veterana.mp3
2024-04-27 10:49:33 - INFO - AIDJ Main playing: Vinny Rivera - 360 (Bachata Version).mp3
2024-04-27 10:53:31 - INFO - AIDJ Main playing: Pablo Dazán - No hay nadie mas (DJ Alejandro Bachata Remix).mp3
2024-04-27 10:56:34 - INFO - AIDJ Main playing: 01 Hookah & Sheridan's (Bachata Version).mp3
2024-04-27 10:59:59 - INFO - AIDJ Main playing: Ozuna - G WAGON (Bachata Remix Versiขn DJC).mp3
2024-04-27 11:03:11 - INFO - AIDJ Main playing: Vinny Rivera - Tsunami (Versión Bachata).mp3
2024-04-27 11:07:05 - INFO - AIDJ Main playing: Mr. Don - Bypass.mp3
2024-04-27 11:10:19 - INFO - AIDJ Main playing: DJ Tronky - Afterglow (Bachata Version).mp3
2024-04-27 11:13:38 - INFO - AIDJ Main playing: DJ Clau - Cobardes Al Amar.mp3
2024-04-27 11:17:34 - INFO - AIDJ Main playing: Antonio_Jose_La Noche Perfecta.mp3
2024-04-27 11:20:18 - INFO - AIDJ Main playing: DESPECHa (Version Bachata).mp3
2024-04-27 11:22:50 - INFO - AIDJ Main playing: AMANTES.mp3
2024-04-27 11:25:49 - INFO - AIDJ Main playing: DJ John Moon - Manos De Tijera (Bachata Remix).mp3
2024-04-27 11:30:09 - INFO - AIDJ Main playing: Amor de Verdad.mp3
2024-04-27 11:33:58 - INFO - AIDJ Main playing: Mickey Then - Por Que Te Niegas.mp3
2024-04-27 11:37:41 - INFO - AIDJ Main playing: 01 Tiroteo (Bachata Versión).mp3
2024-04-27 11:41:25 - INFO - AIDJ Main playing: La Pastilla.mp3
2024-04-27 11:45:27 - INFO - AIDJ Main playing: Sebas_Si No Estás (Bachata Version).mp3
2024-04-27 11:48:38 - INFO - AIDJ Main playing: Aventura, Bad Bunny, Romeo Santos - Volvก (Bachata Remix Versiขn DJC).mp3
2024-04-27 11:51:58 - INFO - AIDJ Main playing: Vinny Rivera - Rumba (Versión Bachata).mp3
2024-04-27 11:55:03 - INFO - AIDJ Main playing: James_Arthur_Falling_Like_The_Stars_DJ_Tony_Pecino_Bachata_Remix.mp3
2024-04-27 11:57:30 - INFO - AIDJ  starting 
2024-04-27 11:57:30 - INFO - AIDJ Main playing: James_Arthur_Falling_Like_The_Stars_DJ_Tony_Pecino_Bachata_Remix.mp3
2024-04-27 11:58:29 - INFO - AIDJ Main playing: Mayinbito_Cerremos Ese Capítulo.mp3
2024-04-27 12:01:41 - INFO - AIDJ  starting 
2024-04-27 12:01:41 - INFO - AIDJ Main playing: 01 Tu Me Delatas (Cover).mp3
2024-04-27 12:04:45 - INFO - AIDJ Main playing: Mayinbito_Secreto De Locos.mp3
2024-04-27 12:07:22 - INFO - AIDJ Main playing: La Pastilla.mp3
